Detecting CUDA compiler ABI info failed to compile with the following output:
Change Dir: D:/PycharmProjects/WSI/TASK_5/C_translation/cmake-build-debug/CMakeFiles/CMakeTmp

Run Build Command(s):C:/Program Files/JetBrains/CLion 2022.3.1/bin/ninja/win/ninja.exe cmTC_8d194 && [1/2] Building CUDA object CMakeFiles\cmTC_8d194.dir\CMakeCUDACompilerABI.cu.obj
cl : Command line warning D9002 : ignoring unknown option '-v'
CMakeCUDACompilerABI.cu
cl : Command line warning D9002 : ignoring unknown option '-v'
CMakeCUDACompilerABI.cu
CMakeCUDACompilerABI.cu
cl : Command line warning D9002 : ignoring unknown option '-v'
[2/2] Linking CUDA executable cmTC_8d194.exe
FAILED: cmTC_8d194.exe 
cmd.exe /C "cd . && "C:\Program Files\JetBrains\CLion 2022.3.1\bin\cmake\win\bin\cmake.exe" -E vs_link_exe --intdir=CMakeFiles\cmTC_8d194.dir --rc=C:\PROGRA~2\WI3CF2~1\10\bin\100226~1.0\x64\rc.exe --mt=C:\PROGRA~2\WI3CF2~1\10\bin\100226~1.0\x64\mt.exe --manifests  -- C:\PROGRA~2\MICROS~2\2022\BUILDT~1\VC\Tools\MSVC\1435~1.322\bin\Hostx64\x64\link.exe /nologo CMakeFiles\cmTC_8d194.dir\CMakeCUDACompilerABI.cu.obj  /out:cmTC_8d194.exe /implib:cmTC_8d194.lib /pdb:cmTC_8d194.pdb /version:0.0 -v /debug /INCREMENTAL  cudadevrt.lib  cudart_static.lib -LIBPATH:"C:/Program Files/NVIDIA GPU Computing Toolkit/CUDA/v11.8/lib/x64"  && cd ."
LINK Pass 1: command "C:\PROGRA~2\MICROS~2\2022\BUILDT~1\VC\Tools\MSVC\1435~1.322\bin\Hostx64\x64\link.exe /nologo CMakeFiles\cmTC_8d194.dir\CMakeCUDACompilerABI.cu.obj /out:cmTC_8d194.exe /implib:cmTC_8d194.lib /pdb:cmTC_8d194.pdb /version:0.0 -v /debug /INCREMENTAL cudadevrt.lib cudart_static.lib -LIBPATH:C:/Program Files/NVIDIA GPU Computing Toolkit/CUDA/v11.8/lib/x64 /MANIFEST /MANIFESTFILE:CMakeFiles\cmTC_8d194.dir/intermediate.manifest CMakeFiles\cmTC_8d194.dir/manifest.res" failed (exit code 1104) with the following output:
LINK : warning LNK4044: unrecognized option '/v'; ignored
LINK : fatal error LNK1104: cannot open file 'LIBCMT.lib'
ninja: build stopped: subcommand failed.




Determining if the CUDA compiler works failed with the following output:
Change Dir: D:/PycharmProjects/WSI/TASK_5/C_translation/cmake-build-debug/CMakeFiles/CMakeTmp

Run Build Command(s):C:/Program Files/JetBrains/CLion 2022.3.1/bin/ninja/win/ninja.exe cmTC_35ec5 && [1/2] Building CUDA object CMakeFiles\cmTC_35ec5.dir\main.cu.obj
main.cu
[2/2] Linking CUDA executable cmTC_35ec5.exe
FAILED: cmTC_35ec5.exe 
cmd.exe /C "cd . && "C:\Program Files\JetBrains\CLion 2022.3.1\bin\cmake\win\bin\cmake.exe" -E vs_link_exe --intdir=CMakeFiles\cmTC_35ec5.dir --rc=C:\PROGRA~2\WI3CF2~1\10\bin\100226~1.0\x64\rc.exe --mt=C:\PROGRA~2\WI3CF2~1\10\bin\100226~1.0\x64\mt.exe --manifests  -- C:\PROGRA~2\MICROS~2\2022\BUILDT~1\VC\Tools\MSVC\1435~1.322\bin\Hostx64\x64\link.exe /nologo CMakeFiles\cmTC_35ec5.dir\main.cu.obj  /out:cmTC_35ec5.exe /implib:cmTC_35ec5.lib /pdb:cmTC_35ec5.pdb /version:0.0 /debug /INCREMENTAL  cudadevrt.lib  cudart_static.lib  kernel32.lib user32.lib gdi32.lib winspool.lib shell32.lib ole32.lib oleaut32.lib uuid.lib comdlg32.lib advapi32.lib -LIBPATH:"C:/Program Files/NVIDIA GPU Computing Toolkit/CUDA/v11.8/lib/x64"  && cd ."
LINK Pass 1: command "C:\PROGRA~2\MICROS~2\2022\BUILDT~1\VC\Tools\MSVC\1435~1.322\bin\Hostx64\x64\link.exe /nologo CMakeFiles\cmTC_35ec5.dir\main.cu.obj /out:cmTC_35ec5.exe /implib:cmTC_35ec5.lib /pdb:cmTC_35ec5.pdb /version:0.0 /debug /INCREMENTAL cudadevrt.lib cudart_static.lib kernel32.lib user32.lib gdi32.lib winspool.lib shell32.lib ole32.lib oleaut32.lib uuid.lib comdlg32.lib advapi32.lib -LIBPATH:C:/Program Files/NVIDIA GPU Computing Toolkit/CUDA/v11.8/lib/x64 /MANIFEST /MANIFESTFILE:CMakeFiles\cmTC_35ec5.dir/intermediate.manifest CMakeFiles\cmTC_35ec5.dir/manifest.res" failed (exit code 1104) with the following output:
LINK : fatal error LNK1104: cannot open file 'LIBCMT.lib'
ninja: build stopped: subcommand failed.



